performance
vm.swappiness = 0
kernel.numa_balancing = 0
kernel.sched_migration_cost_ns = 50000
[Gloo] Rank 17 is connected to 31 peer ranks. Expected number of connected peer ranks is : 31
[Gloo] Rank 24 is connected to 31 peer ranks. Expected number of connected peer ranks is : 31
[Gloo] Rank 29 is connected to 31 peer ranks. Expected number of connected peer ranks is : 31
[Gloo] Rank 18 is connected to 31 peer ranks. Expected number of connected peer ranks is : 31
[Gloo] Rank 16 is connected to 31 peer ranks. Expected number of connected peer ranks is : 31
[Gloo] Rank 20 is connected to 31 peer ranks. Expected number of connected peer ranks is : 31
[Gloo] Rank 22 is connected to 31 peer ranks. Expected number of connected peer ranks is : 31
[Gloo] Rank 23 is connected to 31 peer ranks. Expected number of connected peer ranks is : 31
[Gloo] Rank 25 is connected to 31 peer ranks. Expected number of connected peer ranks is : 31
[Gloo] Rank 26 is connected to 31 peer ranks. Expected number of connected peer ranks is : 31
[Gloo] Rank 30 is connected to 31 peer ranks. Expected number of connected peer ranks is : 31
[Gloo] Rank 28 is connected to 31 peer ranks. Expected number of connected peer ranks is : 31
[Gloo] Rank 21 is connected to 31 peer ranks. Expected number of connected peer ranks is : 31
[Gloo] Rank 27 is connected to 31 peer ranks. Expected number of connected peer ranks is : 31
[Gloo] Rank 31 is connected to 31 peer ranks. Expected number of connected peer ranks is : 31
[Gloo] Rank 19 is connected to 31 peer ranks. Expected number of connected peer ranks is : 31
[Gloo] Rank 20 is connected to 31 peer ranks. Expected number of connected peer ranks is : 31
[Gloo] Rank 18 is connected to 31 peer ranks. Expected number of connected peer ranks is : 31
[Gloo] Rank 17 is connected to 31 peer ranks. Expected number of connected peer ranks is : 31
[Gloo] Rank 25 is connected to 31 peer ranks. Expected number of connected peer ranks is : 31
[Gloo] Rank 28 is connected to 31 peer ranks. Expected number of connected peer ranks is : 31
[Gloo] Rank 16 is connected to 31 peer ranks. Expected number of connected peer ranks is : 31
[Gloo] Rank 19 is connected to 31 peer ranks. Expected number of connected peer ranks is : 31
[Gloo] Rank 21 is connected to 31 peer ranks. Expected number of connected peer ranks is : 31
[Gloo] Rank 22 is connected to 31 peer ranks. Expected number of connected peer ranks is : 31
[Gloo] Rank 23 is connected to 31 peer ranks. Expected number of connected peer ranks is : 31
[Gloo] Rank 24 is connected to 31 peer ranks. Expected number of connected peer ranks is : 31
[Gloo] Rank 27 is connected to 31 peer ranks. Expected number of connected peer ranks is : 31
[Gloo] Rank 26 is connected to 31 peer ranks. Expected number of connected peer ranks is : 31
[Gloo] Rank 29 is connected to 31 peer ranks. Expected number of connected peer ranks is : 31
[Gloo] Rank 30 is connected to 31 peer ranks. Expected number of connected peer ranks is : 31
[Gloo] Rank 31 is connected to 31 peer ranks. Expected number of connected peer ranks is : 31
[Gloo] Rank 0 is connected to 0 peer ranks. Expected number of connected peer ranks is : 0
[Gloo] Rank 0 is connected to 0 peer ranks. Expected number of connected peer ranks is : 0
[Gloo] Rank 0 is connected to 0 peer ranks. Expected number of connected peer ranks is : 0
[Gloo] Rank 0 is connected to 0 peer ranks. Expected number of connected peer ranks is : 0
[Gloo] Rank 0 is connected to 0 peer ranks. Expected number of connected peer ranks is : 0
[Gloo] Rank 0 is connected to 0 peer ranks. Expected number of connected peer ranks is : 0
[Gloo] Rank 0 is connected to 0 peer ranks. Expected number of connected peer ranks is : 0
[Gloo] Rank 0 is connected to 0 peer ranks. Expected number of connected peer ranks is : 0
[Gloo] Rank 0 is connected to 0 peer ranks. Expected number of connected peer ranks is : 0
[Gloo] Rank 0 is connected to 0 peer ranks. Expected number of connected peer ranks is : 0
[Gloo] Rank 0 is connected to 0 peer ranks. Expected number of connected peer ranks is : 0
[Gloo] Rank 0 is connected to 0 peer ranks. Expected number of connected peer ranks is : 0
[Gloo] Rank 0 is connected to 0 peer ranks. Expected number of connected peer ranks is : 0
[Gloo] Rank 0 is connected to 0 peer ranks. Expected number of connected peer ranks is : 0
[Gloo] Rank 0 is connected to 0 peer ranks. Expected number of connected peer ranks is : 0
[Gloo] Rank 0 is connected to 0 peer ranks. Expected number of connected peer ranks is : 0
[Gloo] Rank 0 is connected to 0 peer ranks. Expected number of connected peer ranks is : 0
[Gloo] Rank 0 is connected to 0 peer ranks. Expected number of connected peer ranks is : 0
[Gloo] Rank 0 is connected to 0 peer ranks. Expected number of connected peer ranks is : 0
[Gloo] Rank 0 is connected to 0 peer ranks. Expected number of connected peer ranks is : 0
[Gloo] Rank 0 is connected to 0 peer ranks. Expected number of connected peer ranks is : 0
[Gloo] Rank 0 is connected to 0 peer ranks. Expected number of connected peer ranks is : 0
[Gloo] Rank 0 is connected to 0 peer ranks. Expected number of connected peer ranks is : 0
[Gloo] Rank 0 is connected to 0 peer ranks. Expected number of connected peer ranks is : 0
[Gloo] Rank 0 is connected to 0 peer ranks. Expected number of connected peer ranks is : 0
[Gloo] Rank 0 is connected to 0 peer ranks. Expected number of connected peer ranks is : 0
[Gloo] Rank 0 is connected to 0 peer ranks. Expected number of connected peer ranks is : 0
[Gloo] Rank 0 is connected to 0 peer ranks. Expected number of connected peer ranks is : 0
[Gloo] Rank 0 is connected to 0 peer ranks. Expected number of connected peer ranks is : 0
[Gloo] Rank 0 is connected to 0 peer ranks. Expected number of connected peer ranks is : 0
[Gloo] Rank 0 is connected to 0 peer ranks. Expected number of connected peer ranks is : 0
[Gloo] Rank 0 is connected to 0 peer ranks. Expected number of connected peer ranks is : 0
[Gloo] Rank 0 is connected to 0 peer ranks. Expected number of connected peer ranks is : 0
[Gloo] Rank 0 is connected to 0 peer ranks. Expected number of connected peer ranks is : 0
[Gloo] Rank 0 is connected to 0 peer ranks. Expected number of connected peer ranks is : 0
[Gloo] Rank 0 is connected to 0 peer ranks. Expected number of connected peer ranks is : 0
[Gloo] Rank 0 is connected to 0 peer ranks. Expected number of connected peer ranks is : 0
[Gloo] Rank 0 is connected to 0 peer ranks. Expected number of connected peer ranks is : 0
[Gloo] Rank 0 is connected to 0 peer ranks. Expected number of connected peer ranks is : 0
[Gloo] Rank 0 is connected to 0 peer ranks. Expected number of connected peer ranks is : 0
[Gloo] Rank 0 is connected to 0 peer ranks. Expected number of connected peer ranks is : 0
[Gloo] Rank 0 is connected to 0 peer ranks. Expected number of connected peer ranks is : 0
[Gloo] Rank 0 is connected to 0 peer ranks. Expected number of connected peer ranks is : 0
[Gloo] Rank 0 is connected to 0 peer ranks. Expected number of connected peer ranks is : 0
[Gloo] Rank 0 is connected to 0 peer ranks. Expected number of connected peer ranks is : 0
[Gloo] Rank 0 is connected to 0 peer ranks. Expected number of connected peer ranks is : 0
[Gloo] Rank 0 is connected to 0 peer ranks. Expected number of connected peer ranks is : 0
[Gloo] Rank 0 is connected to 0 peer ranks. Expected number of connected peer ranks is : 0
[Gloo] Rank 16 is connected to 31 peer ranks. Expected number of connected peer ranks is : 31
[Gloo] Rank 17 is connected to 31 peer ranks. Expected number of connected peer ranks is : 31
[Gloo] Rank 18 is connected to 31 peer ranks. Expected number of connected peer ranks is : 31
[Gloo] Rank 23 is connected to 31 peer ranks. Expected number of connected peer ranks is : 31
[Gloo] Rank 19 is connected to 31 peer ranks. Expected number of connected peer ranks is : 31
[Gloo] Rank 20 is connected to 31 peer ranks. Expected number of connected peer ranks is : 31
[Gloo] Rank 21 is connected to 31 peer ranks. Expected number of connected peer ranks is : 31
[Gloo] Rank 22 is connected to 31 peer ranks. Expected number of connected peer ranks is : 31
[Gloo] Rank 24 is connected to 31 peer ranks. Expected number of connected peer ranks is : 31
[Gloo] Rank 25 is connected to 31 peer ranks. Expected number of connected peer ranks is : 31
[Gloo] Rank 27 is connected to 31 peer ranks. Expected number of connected peer ranks is : 31
[Gloo] Rank 26 is connected to 31 peer ranks. Expected number of connected peer ranks is : 31
[Gloo] Rank 28 is connected to 31 peer ranks. Expected number of connected peer ranks is : 31
[Gloo] Rank 29 is connected to 31 peer ranks. Expected number of connected peer ranks is : 31
[Gloo] Rank 30 is connected to 31 peer ranks. Expected number of connected peer ranks is : 31
[Gloo] Rank 31 is connected to 31 peer ranks. Expected number of connected peer ranks is : 31
................